<?xml version="1.0" encoding="UTF-8"?>
<!-- Generated by org.testng.reporters.JUnitReportReporter -->
<testsuite skipped="0" hostname="CBT-MH-000" name="testcases.ts4ToursSearch" tests="1" failures="0" timestamp="31 Oct 2019 05:27:31 GMT" time="34.215" errors="0">
  <testcase name="tourmethos" time="34.215" classname="testcases.ts4ToursSearch"/>
</testsuite> <!-- testcases.ts4ToursSearch -->
