<?xml version="1.0" encoding="UTF-8"?>
<!-- Generated by org.testng.reporters.JUnitReportReporter -->
<testsuite skipped="0" hostname="CBT-MH-000" name="testcases.Testcase2Registration" tests="1" failures="0" timestamp="31 Oct 2019 05:25:05 GMT" time="23.280" errors="0">
  <testcase name="method1" time="23.280" classname="testcases.Testcase2Registration"/>
</testsuite> <!-- testcases.Testcase2Registration -->
