<?xml version="1.0" encoding="UTF-8"?>
<!-- Generated by org.testng.reporters.JUnitReportReporter -->
<testsuite skipped="0" hostname="CBT-MH-000" name="testcases.ts5hotelsearch" tests="1" failures="0" timestamp="31 Oct 2019 06:23:49 GMT" time="18.702" errors="0">
  <testcase name="hsmethod" time="18.702" classname="testcases.ts5hotelsearch"/>
</testsuite> <!-- testcases.ts5hotelsearch -->
