<?xml version="1.0" encoding="UTF-8"?>
<!-- Generated by org.testng.reporters.JUnitReportReporter -->
<testsuite skipped="0" hostname="CBT-MH-000" name="testcases.testcase1login" tests="1" failures="0" timestamp="31 Oct 2019 06:14:43 GMT" time="19.090" errors="0">
  <testcase name="test1" time="19.090" classname="testcases.testcase1login"/>
</testsuite> <!-- testcases.testcase1login -->
